<?xml version="1.0" encoding="UTF-8"?>
<!-- Generated by org.testng.reporters.JUnitXMLReporter -->
<testsuite ignored="2" hostname="DESKTOP-648C2V1" failures="0" tests="2" name="Test" time="0.103" errors="0" timestamp="2023-12-28T16:57:09 IST">
  <testcase classname="Codestudio.Codestudio.AnnotationsGroups" name="Infosys" time="0.023"/>
  <testcase classname="Codestudio.Codestudio.AnnotationsGroups" name="TCS" time="0.006"/>
  <testcase classname="Codestudio.Codestudio.AnnotationsGroups" name="Maruti" time="0.0">
    <ignored/>
  </testcase> <!-- Maruti -->
  <testcase classname="Codestudio.Codestudio.AnnotationsGroups" name="Bajaj" time="0.0">
    <ignored/>
  </testcase> <!-- Bajaj -->
</testsuite> <!-- Test -->
