<?xml version="1.0" encoding="UTF-8"?>
<!-- Generated by org.testng.reporters.JUnitXMLReporter -->
<testsuite ignored="0" hostname="DESKTOP-648C2V1" failures="0" tests="4" name="CASA" time="0.127" errors="0" timestamp="2023-12-28T13:31:30 IST">
  <testcase classname="Codestudio.Codestudio.XMLSavingAcct" name="SavingTC1" time="0.02"/>
  <testcase classname="Codestudio.Codestudio.XMLSavingAcct" name="SavingTC2" time="0.006"/>
  <testcase classname="Codestudio.Codestudio.XMLCurrentAcct" name="CurrentTC1" time="0.007"/>
  <testcase classname="Codestudio.Codestudio.XMLCurrentAcct" name="CurrentTC2" time="0.004"/>
</testsuite> <!-- CASA -->
